{"numTotalTestSuites":7,"numPassedTestSuites":7,"numFailedTestSuites":0,"numPendingTestSuites":0,"numTotalTests":12,"numPassedTests":12,"numFailedTests":0,"numPendingTests":0,"numTodoTests":0,"startTime":1761608177054,"success":true,"testResults":[{"assertionResults":[{"ancestorTitles":["","BattleshipBoard labels acess├¡veis (gridcell)"],"fullName":" BattleshipBoard labels acess├¡veis (gridcell) ship","status":"passed","title":"ship","duration":200,"failureMessages":[]},{"ancestorTitles":["","BattleshipBoard labels acess├¡veis (gridcell)"],"fullName":" BattleshipBoard labels acess├¡veis (gridcell) hit","status":"passed","title":"hit","duration":99,"failureMessages":[]},{"ancestorTitles":["","BattleshipBoard labels acess├¡veis (gridcell)"],"fullName":" BattleshipBoard labels acess├¡veis (gridcell) miss","status":"passed","title":"miss","duration":100,"failureMessages":[]},{"ancestorTitles":["","BattleshipBoard labels acess├¡veis (gridcell)"],"fullName":" BattleshipBoard labels acess├¡veis (gridcell) sunk","status":"passed","title":"sunk","duration":92,"failureMessages":[]},{"ancestorTitles":["","BattleshipBoard labels acess├¡veis (gridcell)"],"fullName":" BattleshipBoard labels acess├¡veis (gridcell) empty","status":"passed","title":"empty","duration":131,"failureMessages":[]},{"ancestorTitles":["","BattleshipBoard atualiza├º├úo din├ómica de shipNames"],"fullName":" BattleshipBoard atualiza├º├úo din├ómica de shipNames altera label quando shipNames muda","status":"passed","title":"altera label quando shipNames muda","duration":151,"failureMessages":[]}],"startTime":1761608179277,"endTime":1761608180050,"status":"passed","message":"","name":"C:/Users/leona/dev/bin-go/bingo/src/lib/battleship/BattleshipBoard.test.ts"},{"assertionResults":[{"ancestorTitles":["","labels util - novo formato estado/nome antes da coordenada"],"fullName":" labels util - novo formato estado/nome antes da coordenada states snapshot (ordem estado->coord)","status":"passed","title":"states snapshot (ordem estado->coord)","duration":2,"failureMessages":[]},{"ancestorTitles":["","labels util - novo formato estado/nome antes da coordenada"],"fullName":" labels util - novo formato estado/nome antes da coordenada nenhum label termina com ponto final isolado","status":"passed","title":"nenhum label termina com ponto final isolado","duration":0,"failureMessages":[]},{"ancestorTitles":["","labels util - novo formato estado/nome antes da coordenada"],"fullName":" labels util - novo formato estado/nome antes da coordenada coordenada extrema J10 vazia","status":"passed","title":"coordenada extrema J10 vazia","duration":0,"failureMessages":[]},{"ancestorTitles":["","labels util - novo formato estado/nome antes da coordenada"],"fullName":" labels util - novo formato estado/nome antes da coordenada deriveState implicita via shipId sem state","status":"passed","title":"deriveState implicita via shipId sem state","duration":0,"failureMessages":[]}],"startTime":1761608178450,"endTime":1761608178453,"status":"passed","message":"","name":"C:/Users/leona/dev/bin-go/bingo/src/lib/battleship/labels.test.ts"},{"assertionResults":[{"ancestorTitles":["","simulateBroadcast - navio afundado"],"fullName":" simulateBroadcast - navio afundado marca lastAction baseado em lastShot e preserva c├®lulas sunk do payload","status":"passed","title":"marca lastAction baseado em lastShot e preserva c├®lulas sunk do payload","duration":2,"failureMessages":[]},{"ancestorTitles":["","simulateBroadcast - navio afundado"],"fullName":" simulateBroadcast - navio afundado lastSunkShip sem lastShot ainda registra a├º├úo gen├®rica","status":"passed","title":"lastSunkShip sem lastShot ainda registra a├º├úo gen├®rica","duration":1,"failureMessages":[]}],"startTime":1761608178444,"endTime":1761608178447,"status":"passed","message":"","name":"C:/Users/leona/dev/bin-go/bingo/src/lib/battleship/__tests__/broadcast.test.ts"}]}
