{"numTotalTestSuites":5,"numPassedTestSuites":5,"numFailedTestSuites":0,"numPendingTestSuites":0,"numTotalTests":10,"numPassedTests":9,"numFailedTests":1,"numPendingTests":0,"numTodoTests":0,"startTime":1761315456448,"success":false,"testResults":[{"assertionResults":[{"ancestorTitles":["","BattleshipBoard aria-labels básicos"],"fullName":" BattleshipBoard aria-labels básicos ship","status":"passed","title":"ship","duration":128,"failureMessages":[]},{"ancestorTitles":["","BattleshipBoard aria-labels básicos"],"fullName":" BattleshipBoard aria-labels básicos hit","status":"passed","title":"hit","duration":63,"failureMessages":[]},{"ancestorTitles":["","BattleshipBoard aria-labels básicos"],"fullName":" BattleshipBoard aria-labels básicos miss","status":"passed","title":"miss","duration":57,"failureMessages":[]},{"ancestorTitles":["","BattleshipBoard aria-labels básicos"],"fullName":" BattleshipBoard aria-labels básicos sunk","status":"passed","title":"sunk","duration":57,"failureMessages":[]},{"ancestorTitles":["","BattleshipBoard aria-labels básicos"],"fullName":" BattleshipBoard aria-labels básicos empty","status":"passed","title":"empty","duration":50,"failureMessages":[]},{"ancestorTitles":["","BattleshipBoard atualização dinâmica de shipNames"],"fullName":" BattleshipBoard atualização dinâmica de shipNames altera label quando shipNames muda","status":"failed","title":"altera label quando shipNames muda","duration":66,"failureMessages":["expected 'A1. Alpha' to be 'A1. Porta-aviões' // Object.is equality"],"location":{"line":64,"column":44}}],"startTime":1761315458595,"endTime":1761315459017,"status":"failed","message":"","name":"C:/Users/leona/dev/bin-go/bingo/src/lib/battleship/BattleshipBoard.test.ts"},{"assertionResults":[{"ancestorTitles":["","labels util snapshots"],"fullName":" labels util snapshots states snapshot","status":"passed","title":"states snapshot","duration":5,"failureMessages":[]},{"ancestorTitles":["","labels util snapshots"],"fullName":" labels util snapshots nenhum label termina com ponto final isolado","status":"passed","title":"nenhum label termina com ponto final isolado","duration":3,"failureMessages":[]},{"ancestorTitles":["","labels util snapshots"],"fullName":" labels util snapshots coordenada extrema J10 vazia","status":"passed","title":"coordenada extrema J10 vazia","duration":0,"failureMessages":[]},{"ancestorTitles":["","labels util snapshots"],"fullName":" labels util snapshots deriveState implicita via shipId sem state","status":"passed","title":"deriveState implicita via shipId sem state","duration":1,"failureMessages":[]}],"startTime":1761315457429,"endTime":1761315457440,"status":"passed","message":"","name":"C:/Users/leona/dev/bin-go/bingo/src/lib/battleship/labels.test.ts"}]}